<?xml version="1.0" encoding="UTF-8"?>
<coverage generated="1660743067400" clover="3.2.0">
  <project timestamp="1660743067400" name="All files">
    <metrics statements="14" coveredstatements="14" conditionals="6" coveredconditionals="4" methods="10" coveredmethods="10" elements="30" coveredelements="28" complexity="0" loc="14" ncloc="14" packages="1" files="1" classes="1"/>
    <file name="Task.js" path="C:\Microverse\Module 2\Week 2\webpack\src\tasks\Task.js">
      <metrics statements="14" coveredstatements="14" conditionals="6" coveredconditionals="4" methods="10" coveredmethods="10"/>
      <line num="3" count="1" type="cond" truecount="2" falsecount="0"/>
      <line num="7" count="4" type="stmt"/>
      <line num="9" count="4" type="stmt"/>
      <line num="13" count="1" type="stmt"/>
      <line num="17" count="4" type="stmt"/>
      <line num="19" count="2" type="cond" truecount="1" falsecount="1"/>
      <line num="21" count="2" type="stmt"/>
      <line num="23" count="4" type="stmt"/>
      <line num="28" count="2" type="stmt"/>
      <line num="32" count="2" type="stmt"/>
      <line num="34" count="1" type="cond" truecount="1" falsecount="1"/>
      <line num="36" count="1" type="stmt"/>
      <line num="38" count="1" type="stmt"/>
      <line num="42" count="7" type="stmt"/>
    </file>
  </project>
</coverage>
