TN:
SF:src\tasks\Task.js
FN:2,(anonymous_0)
FN:6,(anonymous_1)
FN:12,(anonymous_2)
FN:13,(anonymous_3)
FN:16,(anonymous_4)
FN:17,(anonymous_5)
FN:23,(anonymous_6)
FN:31,(anonymous_7)
FN:32,(anonymous_8)
FN:41,(anonymous_9)
FNF:10
FNH:10
FNDA:1,(anonymous_0)
FNDA:4,(anonymous_1)
FNDA:1,(anonymous_2)
FNDA:1,(anonymous_3)
FNDA:2,(anonymous_4)
FNDA:4,(anonymous_5)
FNDA:4,(anonymous_6)
FNDA:1,(anonymous_7)
FNDA:2,(anonymous_8)
FNDA:7,(anonymous_9)
DA:3,1
DA:7,4
DA:9,4
DA:13,1
DA:17,4
DA:19,2
DA:21,2
DA:23,4
DA:28,2
DA:32,2
DA:34,1
DA:36,1
DA:38,1
DA:42,7
LF:14
LH:14
BRDA:3,0,0,1
BRDA:3,0,1,1
BRDA:19,1,0,0
BRDA:19,1,1,2
BRDA:34,2,0,0
BRDA:34,2,1,1
BRF:6
BRH:4
end_of_record
